<?xml version="1.0" encoding="UTF-8"?>
<!-- Generated by org.testng.reporters.JUnitReportReporter -->
<testsuite skipped="0" hostname="RAMYA" name="org.bb.Sample" tests="1" failures="0" timestamp="14 Mar 2022 05:56:17 GMT" time="0.047" errors="0">
  <testcase name="test1" time="0.047" classname="org.bb.Sample"/>
</testsuite> <!-- org.bb.Sample -->
